Started GET "/" for 127.0.0.1 at 2016-12-06 22:08:41 +0100
Processing by VisitorsController#index as HTML
  Rendering visitors/index.html.erb within layouts/application
  Rendered visitors/index.html.erb within layouts/application (5.1ms)
Started GET "/" for 127.0.0.1 at 2016-12-06 22:08:42 +0100
Processing by VisitorsController#index as HTML
  Rendering visitors/index.html.erb within layouts/application
  Rendered visitors/index.html.erb within layouts/application (0.8ms)
  Rendered layouts/_navigation_links.html.erb (3.0ms)
  Rendered layouts/_navigation.html.erb (24.6ms)
  Rendered layouts/_messages.html.erb (13.8ms)
Completed 200 OK in 37441ms (Views: 37428.0ms | ActiveRecord: 0.0ms)


  Rendered layouts/_navigation_links.html.erb (5.4ms)
  Rendered layouts/_navigation.html.erb (17.7ms)
  Rendered layouts/_messages.html.erb (1.7ms)
Completed 200 OK in 36511ms (Views: 36502.7ms | ActiveRecord: 0.0ms)


Started GET "/" for 127.0.0.1 at 2016-12-06 22:09:27 +0100
Processing by VisitorsController#index as HTML
  Rendering visitors/index.html.erb within layouts/application
  Rendered visitors/index.html.erb within layouts/application (0.5ms)
  Rendered layouts/_navigation_links.html.erb (0.6ms)
  Rendered layouts/_navigation.html.erb (12.3ms)
  Rendered layouts/_messages.html.erb (0.5ms)
Completed 200 OK in 172ms (Views: 171.1ms | ActiveRecord: 0.0ms)


Started GET "/" for 127.0.0.1 at 2016-12-07 00:21:58 +0100
Processing by VisitorsController#index as HTML
  Rendering visitors/index.html.erb within layouts/application
  Rendered visitors/index.html.erb within layouts/application (0.5ms)
  Rendered layouts/_navigation_links.html.erb (0.5ms)
  Rendered layouts/_navigation.html.erb (5.4ms)
  Rendered layouts/_messages.html.erb (0.7ms)
Completed 200 OK in 187ms (Views: 177.8ms | ActiveRecord: 0.0ms)


Started GET "/pages/about" for 127.0.0.1 at 2016-12-07 00:23:26 +0100
Processing by HighVoltage::PagesController#show as HTML
  Parameters: {"id"=>"about"}
  Rendering pages/about.html.erb within layouts/application
  Rendered pages/about.html.erb within layouts/application (0.7ms)
  Rendered layouts/_navigation_links.html.erb (0.6ms)
  Rendered layouts/_navigation.html.erb (10.0ms)
  Rendered layouts/_messages.html.erb (0.8ms)
Completed 200 OK in 282ms (Views: 281.3ms | ActiveRecord: 0.0ms)


